app/build/intermediates/manifest_merge_blame_file/debug/processDebugMainManifest/manifest-merger-blame-debug-report.txt
1<?xml version="1.0" encoding="utf-8"?>
2<manifest xmlns:android="http://schemas.android.com/apk/res/android"
3    package="com.example.podcastapp"
4    android:versionCode="1"
5    android:versionName="1.0" >
6
7    <uses-sdk
8        android:minSdkVersion="26"
9        android:targetSdkVersion="36" />
10
11    <uses-permission android:name="android.permission.INTERNET" />
11-->src/main/AndroidManifest.xml:3:5-67
11-->src/main/AndroidManifest.xml:3:22-64
12    <uses-permission android:name="android.permission.FOREGROUND_SERVICE" />
12-->src/main/AndroidManifest.xml:4:5-77
12-->src/main/AndroidManifest.xml:4:22-74
13    <uses-permission android:name="android.permission.FOREGROUND_SERVICE_MEDIA_PLAYBACK" />
13-->src/main/AndroidManifest.xml:5:5-92
13-->src/main/AndroidManifest.xml:5:22-89
14    <uses-permission android:name="android.permission.POST_NOTIFICATIONS" />
14-->src/main/AndroidManifest.xml:6:5-77
14-->src/main/AndroidManifest.xml:6:22-74
15    <uses-permission android:name="android.permission.ACCESS_NETWORK_STATE" />
15-->[androidx.media3:media3-exoplayer:1.10.0] AndroidManifest.xml:22:5-79
15-->[androidx.media3:media3-exoplayer:1.10.0] AndroidManifest.xml:22:22-76
16    <uses-permission android:name="android.permission.WAKE_LOCK" />
16-->[androidx.media3:media3-exoplayer:1.10.0] AndroidManifest.xml:23:5-68
16-->[androidx.media3:media3-exoplayer:1.10.0] AndroidManifest.xml:23:22-65
17
18    <permission
18-->[androidx.core:core:1.18.0] AndroidManifest.xml:22:5-24:47
19        android:name="com.example.podcastapp.DYNAMIC_RECEIVER_NOT_EXPORTED_PERMISSION"
19-->[androidx.core:core:1.18.0] AndroidManifest.xml:23:9-81
20        android:protectionLevel="signature" />
20-->[androidx.core:core:1.18.0] AndroidManifest.xml:24:9-44
21
22    <uses-permission android:name="com.example.podcastapp.DYNAMIC_RECEIVER_NOT_EXPORTED_PERMISSION" />
22-->[androidx.core:core:1.18.0] AndroidManifest.xml:26:5-97
22-->[androidx.core:core:1.18.0] AndroidManifest.xml:26:22-94
23
24    <application
24-->src/main/AndroidManifest.xml:8:5-33:19
25        android:name="com.example.podcastapp.PodcastApplication"
25-->src/main/AndroidManifest.xml:9:9-43
26        android:allowBackup="true"
26-->src/main/AndroidManifest.xml:10:9-35
27        android:appComponentFactory="androidx.core.app.CoreComponentFactory"
27-->[androidx.core:core:1.18.0] AndroidManifest.xml:28:18-86
28        android:debuggable="true"
29        android:extractNativeLibs="false"
30        android:icon="@drawable/media3_icon_play"
30-->src/main/AndroidManifest.xml:11:9-50
31        android:label="Podcast"
31-->src/main/AndroidManifest.xml:12:9-32
32        android:supportsRtl="true"
32-->src/main/AndroidManifest.xml:13:9-35
33        android:testOnly="true"
34        android:theme="@style/Theme.Podcast" >
34-->src/main/AndroidManifest.xml:14:9-45
35        <receiver
35-->src/main/AndroidManifest.xml:16:9-22:20
36            android:name="com.example.podcastapp.download.DownloadCompleteReceiver"
36-->src/main/AndroidManifest.xml:17:13-62
37            android:exported="false" >
37-->src/main/AndroidManifest.xml:18:13-37
38            <intent-filter>
38-->src/main/AndroidManifest.xml:19:13-21:29
39                <action android:name="android.intent.action.DOWNLOAD_COMPLETE" />
39-->src/main/AndroidManifest.xml:20:17-82
39-->src/main/AndroidManifest.xml:20:25-79
40            </intent-filter>
41        </receiver>
42
43        <activity
43-->src/main/AndroidManifest.xml:24:9-32:20
44            android:name="com.example.podcastapp.MainActivity"
44-->src/main/AndroidManifest.xml:25:13-41
45            android:exported="true"
45-->src/main/AndroidManifest.xml:26:13-36
46            android:theme="@style/Theme.Podcast" >
46-->src/main/AndroidManifest.xml:27:13-49
47            <intent-filter>
47-->src/main/AndroidManifest.xml:28:13-31:29
48                <action android:name="android.intent.action.MAIN" />
48-->src/main/AndroidManifest.xml:29:17-69
48-->src/main/AndroidManifest.xml:29:25-66
49
50                <category android:name="android.intent.category.LAUNCHER" />
50-->src/main/AndroidManifest.xml:30:17-77
50-->src/main/AndroidManifest.xml:30:27-74
51            </intent-filter>
52        </activity>
53
54        <service
54-->[:core:media] AndroidManifest.xml:8:9-11:61
55            android:name="com.example.podcastapp.core.media.PlaybackService"
55-->[:core:media] AndroidManifest.xml:9:13-77
56            android:exported="false"
56-->[:core:media] AndroidManifest.xml:10:13-37
57            android:foregroundServiceType="mediaPlayback" />
57-->[:core:media] AndroidManifest.xml:11:13-58
58        <service
58-->[androidx.room:room-runtime-android:2.8.4] AndroidManifest.xml:24:9-28:63
59            android:name="androidx.room.MultiInstanceInvalidationService"
59-->[androidx.room:room-runtime-android:2.8.4] AndroidManifest.xml:25:13-74
60            android:directBootAware="true"
60-->[androidx.room:room-runtime-android:2.8.4] AndroidManifest.xml:26:13-43
61            android:exported="false" />
61-->[androidx.room:room-runtime-android:2.8.4] AndroidManifest.xml:27:13-37
62
63        <uses-library
63-->[androidx.window:window:1.5.0] AndroidManifest.xml:23:9-25:40
64            android:name="androidx.window.extensions"
64-->[androidx.window:window:1.5.0] AndroidManifest.xml:24:13-54
65            android:required="false" />
65-->[androidx.window:window:1.5.0] AndroidManifest.xml:25:13-37
66        <uses-library
66-->[androidx.window:window:1.5.0] AndroidManifest.xml:26:9-28:40
67            android:name="androidx.window.sidecar"
67-->[androidx.window:window:1.5.0] AndroidManifest.xml:27:13-51
68            android:required="false" />
68-->[androidx.window:window:1.5.0] AndroidManifest.xml:28:13-37
69
70        <activity
70-->[androidx.compose.ui:ui-tooling-android:1.10.6] AndroidManifest.xml:23:9-25:39
71            android:name="androidx.compose.ui.tooling.PreviewActivity"
71-->[androidx.compose.ui:ui-tooling-android:1.10.6] AndroidManifest.xml:24:13-71
72            android:exported="true" />
72-->[androidx.compose.ui:ui-tooling-android:1.10.6] AndroidManifest.xml:25:13-36
73
74        <provider
74-->[androidx.emoji2:emoji2:1.4.0] AndroidManifest.xml:24:9-32:20
75            android:name="androidx.startup.InitializationProvider"
75-->[androidx.emoji2:emoji2:1.4.0] AndroidManifest.xml:25:13-67
76            android:authorities="com.example.podcastapp.androidx-startup"
76-->[androidx.emoji2:emoji2:1.4.0] AndroidManifest.xml:26:13-68
77            android:exported="false" >
77-->[androidx.emoji2:emoji2:1.4.0] AndroidManifest.xml:27:13-37
78            <meta-data
78-->[androidx.emoji2:emoji2:1.4.0] AndroidManifest.xml:29:13-31:52
79                android:name="androidx.emoji2.text.EmojiCompatInitializer"
79-->[androidx.emoji2:emoji2:1.4.0] AndroidManifest.xml:30:17-75
80                android:value="androidx.startup" />
80-->[androidx.emoji2:emoji2:1.4.0] AndroidManifest.xml:31:17-49
81            <meta-data
81-->[androidx.lifecycle:lifecycle-process:2.10.0] AndroidManifest.xml:29:13-31:52
82                android:name="androidx.lifecycle.ProcessLifecycleInitializer"
82-->[androidx.lifecycle:lifecycle-process:2.10.0] AndroidManifest.xml:30:17-78
83                android:value="androidx.startup" />
83-->[androidx.lifecycle:lifecycle-process:2.10.0] AndroidManifest.xml:31:17-49
84            <meta-data
84-->[com.squareup.okhttp3:okhttp-android:5.3.2] AndroidManifest.xml:16:13-18:52
85                android:name="okhttp3.internal.platform.PlatformInitializer"
85-->[com.squareup.okhttp3:okhttp-android:5.3.2] AndroidManifest.xml:17:17-77
86                android:value="androidx.startup" />
86-->[com.squareup.okhttp3:okhttp-android:5.3.2] AndroidManifest.xml:18:17-49
87            <meta-data
87-->[androidx.profileinstaller:profileinstaller:1.4.0] AndroidManifest.xml:29:13-31:52
88                android:name="androidx.profileinstaller.ProfileInstallerInitializer"
88-->[androidx.profileinstaller:profileinstaller:1.4.0] AndroidManifest.xml:30:17-85
89                android:value="androidx.startup" />
89-->[androidx.profileinstaller:profileinstaller:1.4.0] AndroidManifest.xml:31:17-49
90        </provider>
91
92        <activity
92-->[androidx.compose.ui:ui-test-manifest:1.10.6] AndroidManifest.xml:23:9-26:79
93            android:name="androidx.activity.ComponentActivity"
93-->[androidx.compose.ui:ui-test-manifest:1.10.6] AndroidManifest.xml:24:13-63
94            android:exported="true"
94-->[androidx.compose.ui:ui-test-manifest:1.10.6] AndroidManifest.xml:25:13-36
95            android:theme="@android:style/Theme.Material.Light.NoActionBar" />
95-->[androidx.compose.ui:ui-test-manifest:1.10.6] AndroidManifest.xml:26:13-76
96
97        <receiver
97-->[androidx.profileinstaller:profileinstaller:1.4.0] AndroidManifest.xml:34:9-52:20
98            android:name="androidx.profileinstaller.ProfileInstallReceiver"
98-->[androidx.profileinstaller:profileinstaller:1.4.0] AndroidManifest.xml:35:13-76
99            android:directBootAware="false"
99-->[androidx.profileinstaller:profileinstaller:1.4.0] AndroidManifest.xml:36:13-44
100            android:enabled="true"
100-->[androidx.profileinstaller:profileinstaller:1.4.0] AndroidManifest.xml:37:13-35
101            android:exported="true"
101-->[androidx.profileinstaller:profileinstaller:1.4.0] AndroidManifest.xml:38:13-36
102            android:permission="android.permission.DUMP" >
102-->[androidx.profileinstaller:profileinstaller:1.4.0] AndroidManifest.xml:39:13-57
103            <intent-filter>
103-->[androidx.profileinstaller:profileinstaller:1.4.0] AndroidManifest.xml:40:13-42:29
104                <action android:name="androidx.profileinstaller.action.INSTALL_PROFILE" />
104-->[androidx.profileinstaller:profileinstaller:1.4.0] AndroidManifest.xml:41:17-91
104-->[androidx.profileinstaller:profileinstaller:1.4.0] AndroidManifest.xml:41:25-88
105            </intent-filter>
106            <intent-filter>
106-->[androidx.profileinstaller:profileinstaller:1.4.0] AndroidManifest.xml:43:13-45:29
107                <action android:name="androidx.profileinstaller.action.SKIP_FILE" />
107-->[androidx.profileinstaller:profileinstaller:1.4.0] AndroidManifest.xml:44:17-85
107-->[androidx.profileinstaller:profileinstaller:1.4.0] AndroidManifest.xml:44:25-82
108            </intent-filter>
109            <intent-filter>
109-->[androidx.profileinstaller:profileinstaller:1.4.0] AndroidManifest.xml:46:13-48:29
110                <action android:name="androidx.profileinstaller.action.SAVE_PROFILE" />
110-->[androidx.profileinstaller:profileinstaller:1.4.0] AndroidManifest.xml:47:17-88
110-->[androidx.profileinstaller:profileinstaller:1.4.0] AndroidManifest.xml:47:25-85
111            </intent-filter>
112            <intent-filter>
112-->[androidx.profileinstaller:profileinstaller:1.4.0] AndroidManifest.xml:49:13-51:29
113                <action android:name="androidx.profileinstaller.action.BENCHMARK_OPERATION" />
113-->[androidx.profileinstaller:profileinstaller:1.4.0] AndroidManifest.xml:50:17-95
113-->[androidx.profileinstaller:profileinstaller:1.4.0] AndroidManifest.xml:50:25-92
114            </intent-filter>
115        </receiver>
116    </application>
117
118</manifest>